<?xml version="1.0" encoding="UTF-8"?>
<!-- Generated by org.testng.reporters.JUnitReportReporter -->
<testsuite skipped="0" hostname="DESKTOP-KHTNE4T" name="com.sanity.SanityTestWithReport" tests="1" failures="0" timestamp="25 Jun 2020 18:03:31 GMT" time="12.168" errors="0">
  <testcase name="getHome" time="12.168" classname="com.sanity.SanityTestWithReport"/>
</testsuite> <!-- com.sanity.SanityTestWithReport -->
