<?xml version="1.0" encoding="UTF-8"?>
<!-- Generated by org.testng.reporters.JUnitReportReporter -->
<testsuite skipped="0" hostname="DESKTOP-KHTNE4T" name="com.sanity.SanityTest2" tests="1" failures="0" timestamp="25 Jun 2020 17:21:32 GMT" time="23.076" errors="0">
  <testcase name="getHome" time="23.076" classname="com.sanity.SanityTest2"/>
</testsuite> <!-- com.sanity.SanityTest2 -->
