<?xml version="1.0" encoding="UTF-8"?>
<!-- Generated by org.testng.reporters.JUnitReportReporter -->
<testsuite skipped="0" hostname="DESKTOP-KHTNE4T" name="com.sanity.SanityTest1" tests="1" failures="0" timestamp="26 Jun 2020 19:12:46 GMT" time="10.558" errors="0">
  <testcase name="getHome" time="10.558" classname="com.sanity.SanityTest1"/>
</testsuite> <!-- com.sanity.SanityTest1 -->
