<?xml version="1.0" encoding="UTF-8"?>
<!-- Generated by org.testng.reporters.JUnitReportReporter -->
<testsuite skipped="0" hostname="DESKTOP-KHTNE4T" name="com.sanity.CrossBrowser" tests="2" failures="0" timestamp="25 Jun 2020 17:54:01 GMT" time="43.771" errors="0">
  <testcase name="getHome" time="19.466" classname="com.sanity.CrossBrowser"/>
  <testcase name="getHome" time="24.305" classname="com.sanity.CrossBrowser"/>
</testsuite> <!-- com.sanity.CrossBrowser -->
